\BOOKMARK [1][-]{section.1}{Introduction}{}
\BOOKMARK [2][-]{subsection.1.1}{Project description}{section.1}
\BOOKMARK [3][-]{subsubsection.1.1.1}{The customer}{subsection.1.1}
\BOOKMARK [1][-]{section.2}{Pre-Study}{}
\BOOKMARK [2][-]{subsection.2.1}{Requirements gathering methodology}{section.2}
\BOOKMARK [3][-]{subsubsection.2.1.1}{Background reading}{subsection.2.1}
\BOOKMARK [3][-]{subsubsection.2.1.2}{Interviewing and questionnaires}{subsection.2.1}
\BOOKMARK [3][-]{subsubsection.2.1.3}{Observation and document sampling}{subsection.2.1}
\BOOKMARK [2][-]{subsection.2.2}{MOWAHS Requirement Analysis Framework}{section.2}
\BOOKMARK [2][-]{subsection.2.3}{Development process}{section.2}
\BOOKMARK [3][-]{subsubsection.2.3.1}{Agile model}{subsection.2.3}
\BOOKMARK [3][-]{subsubsection.2.3.2}{Waterfall model}{subsection.2.3}
\BOOKMARK [2][-]{subsection.2.4}{Mobile technologies}{section.2}
\BOOKMARK [3][-]{subsubsection.2.4.1}{Mobile platform}{subsection.2.4}
\BOOKMARK [2][-]{subsection.2.5}{Development environment}{section.2}
\BOOKMARK [2][-]{subsection.2.6}{Version control system}{section.2}
\BOOKMARK [3][-]{subsubsection.2.6.1}{Tortoise SVN}{subsection.2.6}
\BOOKMARK [3][-]{subsubsection.2.6.2}{GitHub}{subsection.2.6}
\BOOKMARK [1][-]{section.3}{Requirement Specifications}{}
\BOOKMARK [2][-]{subsection.3.1}{ The process}{section.3}
\BOOKMARK [2][-]{subsection.3.2}{Revision History}{section.3}
\BOOKMARK [2][-]{subsection.3.3}{Introduction}{section.3}
\BOOKMARK [3][-]{subsubsection.3.3.1}{ Purpose}{subsection.3.3}
\BOOKMARK [3][-]{subsubsection.3.3.2}{ Target Audience}{subsection.3.3}
\BOOKMARK [3][-]{subsubsection.3.3.3}{ Project Scope}{subsection.3.3}
\BOOKMARK [2][-]{subsection.3.4}{. Functional Requirements}{section.3}
\BOOKMARK [2][-]{subsection.3.5}{Use Cases}{section.3}
\BOOKMARK [2][-]{subsection.3.6}{Nonfunctional Requirements}{section.3}
\BOOKMARK [3][-]{subsubsection.3.6.1}{User interface}{subsection.3.6}
\BOOKMARK [3][-]{subsubsection.3.6.2}{Performance Requirements}{subsection.3.6}
\BOOKMARK [3][-]{subsubsection.3.6.3}{ Safety- and Security Requirements}{subsection.3.6}
\BOOKMARK [1][-]{section.4}{Risk analysis}{}
